#-----------------------------------------------------------
# PlanAhead v14.7 (64-bit)
# Build 321239 by xbuild on Fri Sep 27 19:29:51 MDT 2013
# Start of session at: Thu May 24 23:35:05 2018
# Process ID: 18872
# Log file: C:/Users/craig robertson/Desktop/i2c/i2c/planAhead_run_4/planAhead.log
# Journal file: C:/Users/craig robertson/Desktop/i2c/i2c/planAhead_run_4/planAhead.jou
#-----------------------------------------------------------
INFO: [Common 17-78] Attempting to get a license: PlanAhead
INFO: [Common 17-290] Got license for PlanAhead
INFO: [Common 17-86] Your PlanAhead license expires in -54 day(s)
INFO: [Device 21-36] Loading parts and site information from C:/Xilinx/14.7/ISE_DS/PlanAhead/data/parts/arch.xml
Parsing RTL primitives file [C:/Xilinx/14.7/ISE_DS/PlanAhead/data/parts/xilinx/rtl/prims/rtl_prims.xml]
Finished parsing RTL primitives file [C:/Xilinx/14.7/ISE_DS/PlanAhead/data/parts/xilinx/rtl/prims/rtl_prims.xml]
start_gui
source {C:/Users/craig robertson/Desktop/i2c/i2c/pa.fromHdl.tcl}
# create_project -name i2c -dir "C:/Users/craig robertson/Desktop/i2c/i2c/planAhead_run_4" -part xc5vlx50tff1136-1
# set_param project.pinAheadLayout yes
# set srcset [get_property srcset [current_run -impl]]
# set_property target_constrs_file "i2c_test_top.ucf" [current_fileset -constrset]
Adding file 'C:/Users/craig robertson/Desktop/i2c/i2c/i2c_test_top.ucf' to fileset 'constrs_1'
# set hdlfile [add_files [list {systemPLL.v}]]
# set_property file_type Verilog $hdlfile
# set_property library work $hdlfile
# set hdlfile [add_files [list {chrontel_serial_bus_driver.v}]]
# set_property file_type Verilog $hdlfile
# set_property library work $hdlfile
# set hdlfile [add_files [list {chrontel_CH7301C_driver.v}]]
# set_property file_type Verilog $hdlfile
# set_property library work $hdlfile
# set hdlfile [add_files [list {i2c_test_top.v}]]
# set_property file_type Verilog $hdlfile
# set_property library work $hdlfile
# set_property top i2c_test_top $srcset
# add_files [list {i2c_test_top.ucf}] -fileset [get_property constrset [current_run]]
# open_rtl_design -part xc5vlx50tff1136-1
Using Verific elaboration
Parsing VHDL file "C:/Xilinx/14.7/ISE_DS/PlanAhead/data/parts/xilinx/rtl/lib/synplify/synattr.vhd" into library synplify
Analyzing Verilog file "C:/Users/craig robertson/Desktop/i2c/i2c/systemPLL.v" into library work
Analyzing Verilog file "C:/Users/craig robertson/Desktop/i2c/i2c/chrontel_serial_bus_driver.v" into library work
Analyzing Verilog file "C:/Users/craig robertson/Desktop/i2c/i2c/chrontel_CH7301C_driver.v" into library work
Analyzing Verilog file "C:/Users/craig robertson/Desktop/i2c/i2c/i2c_test_top.v" into library work
INFO: [Designutils 20-910] Reading macro library C:/Xilinx/14.7/ISE_DS/PlanAhead/data\./parts/xilinx/virtex5/virtex5lx/hd_int_macros.edn
Parsing EDIF File [C:/Xilinx/14.7/ISE_DS/PlanAhead/data\./parts/xilinx/virtex5/virtex5lx/hd_int_macros.edn]
Finished Parsing EDIF File [C:/Xilinx/14.7/ISE_DS/PlanAhead/data\./parts/xilinx/virtex5/virtex5lx/hd_int_macros.edn]
INFO: [Device 21-21] Reading bus macro file C:/Xilinx/14.7/ISE_DS/PlanAhead/data\./parts/xilinx/virtex5/pr_bus_macros.xml
Loading clock regions from C:/Xilinx/14.7/ISE_DS/PlanAhead/data\parts/xilinx/virtex5/virtex5lxt/xc5vlx50t/ClockRegion.xml
Loading clock buffers from C:/Xilinx/14.7/ISE_DS/PlanAhead/data\parts/xilinx/virtex5/virtex5lxt/xc5vlx50t/ClockBuffers.xml
Loading package from C:/Xilinx/14.7/ISE_DS/PlanAhead/data\parts/xilinx/virtex5/virtex5lxt/xc5vlx50t/ff1136/Package.xml
Loading io standards from C:/Xilinx/14.7/ISE_DS/PlanAhead/data\./parts/xilinx/virtex5/IOStandards.xml
INFO: [Device 21-19] Loading pkg sso from C:/Xilinx/14.7/ISE_DS/PlanAhead/data\parts/xilinx/virtex5/virtex5lxt/xc5vlx50t/ff1136/SSORules.xml
Loading list of drcs for the architecture : C:/Xilinx/14.7/ISE_DS/PlanAhead/data\./parts/xilinx/virtex5/drc.xml
Parsing UCF File [C:/Users/craig robertson/Desktop/i2c/i2c/i2c_test_top.ucf]
Finished Parsing UCF File [C:/Users/craig robertson/Desktop/i2c/i2c/i2c_test_top.ucf]
INFO: [Project 1-111] Unisim Transformation Summary:
No Unisim elements were transformed.

Phase 0 | Netlist Checksum: 8232291a
open_rtl_design: Time (s): elapsed = 00:00:11 . Memory (MB): peak = 700.145 ; gain = 274.555
update_compile_order -fileset sim_1
startgroup
set_property package_pin AB8 [get_ports {DVI_D[0]}]
endgroup
startgroup
set_property package_pin AC8 [get_ports {DVI_D[1]}]
endgroup
startgroup
set_property package_pin AN12 [get_ports {DVI_D[2]}]
endgroup
startgroup
set_property package_pin AP12 [get_ports {DVI_D[3]}]
endgroup
startgroup
set_property package_pin AA9 [get_ports {DVI_D[4]}]
endgroup
startgroup
set_property package_pin AA8 [get_ports {DVI_D[5]}]
endgroup
startgroup
set_property package_pin AM13 [get_ports {DVI_D[6]}]
endgroup
startgroup
set_property package_pin AN13 [get_ports {DVI_D[7]}]
endgroup
startgroup
set_property package_pin AA10 [get_ports {DVI_D[8]}]
endgroup
startgroup
set_property package_pin AB10 [get_ports {DVI_D[9]}]
endgroup
startgroup
set_property package_pin AP14 [get_ports {DVI_D[10]}]
endgroup
startgroup
set_property package_pin AN14 [get_ports {DVI_D[11]}]
endgroup
save_constraints
exit
ERROR: [PlanAhead 12-106] *** Exception: ui.h.b: Found deleted key in HTclEventBroker. Verify if the classes listed here call cleanup()
HTclEvent: SIGNAL_MODIFY   Classes: ui.views.aR 
HTclEvent: DEBUG_CORE_CONFIG_CHANGE   Classes: ui.views.aR 
HTclEvent: DEBUG_PORT_CONFIG_CHANGE   Classes: ui.views.aR 
HTclEvent: SIGNAL_BUS_MODIFY   Classes: ui.views.aR 
 (See C:/Users/craig robertson/Desktop/i2c/i2c\planAhead_pid18872.debug)
ERROR: [Common 17-39] 'stop_gui' failed due to earlier errors.
INFO: [Common 17-206] Exiting PlanAhead at Thu May 24 23:38:19 2018...
INFO: [Common 17-83] Releasing license: PlanAhead
