#-----------------------------------------------------------
# PlanAhead v14.7 (64-bit)
# Build 321239 by xbuild on Fri Sep 27 19:29:51 MDT 2013
# Start of session at: Sat May 26 00:09:22 2018
# Process ID: 13980
# Log file: C:/Users/craig robertson/Desktop/FPGB/FPGB/planAhead_run_4/planAhead.log
# Journal file: C:/Users/craig robertson/Desktop/FPGB/FPGB/planAhead_run_4/planAhead.jou
#-----------------------------------------------------------
INFO: [Common 17-78] Attempting to get a license: PlanAhead
INFO: [Common 17-290] Got license for PlanAhead
INFO: [Common 17-86] Your PlanAhead license expires in -56 day(s)
INFO: [Device 21-36] Loading parts and site information from C:/Xilinx/14.7/ISE_DS/PlanAhead/data/parts/arch.xml
Parsing RTL primitives file [C:/Xilinx/14.7/ISE_DS/PlanAhead/data/parts/xilinx/rtl/prims/rtl_prims.xml]
Finished parsing RTL primitives file [C:/Xilinx/14.7/ISE_DS/PlanAhead/data/parts/xilinx/rtl/prims/rtl_prims.xml]
start_gui
source {C:/Users/craig robertson/Desktop/FPGB/FPGB/pa.fromHdl.tcl}
# create_project -name FPGB -dir "C:/Users/craig robertson/Desktop/FPGB/FPGB/planAhead_run_4" -part xc5vlx50tff1136-1
# set_param project.pinAheadLayout yes
# set srcset [get_property srcset [current_run -impl]]
# set_property target_constrs_file "FPGB.ucf" [current_fileset -constrset]
Adding file 'C:/Users/craig robertson/Desktop/FPGB/FPGB/FPGB.ucf' to fileset 'constrs_1'
# set hdlfile [add_files [list {rtl/ROM.v}]]
# set_property file_type Verilog $hdlfile
# set_property library work $hdlfile
# set hdlfile [add_files [list {rtl/RAM.v}]]
# set_property file_type Verilog $hdlfile
# set_property library work $hdlfile
# set hdlfile [add_files [list {rtl/cpu_control.v}]]
# set_property file_type Verilog $hdlfile
# set_property library work $hdlfile
# set hdlfile [add_files [list {rtl/ALU.v}]]
# set_property file_type Verilog $hdlfile
# set_property library work $hdlfile
# set hdlfile [add_files [list {rtl/memory.v}]]
# set_property file_type Verilog $hdlfile
# set_property library work $hdlfile
# set hdlfile [add_files [list {rtl/cpu_top.v}]]
# set_property file_type Verilog $hdlfile
# set_property library work $hdlfile
# set hdlfile [add_files [list {rtl/chrontel_serial_bus_driver.v}]]
# set_property file_type Verilog $hdlfile
# set_property library work $hdlfile
# set hdlfile [add_files [list {rtl/chrontel_CH7301C_driver.v}]]
# set_property file_type Verilog $hdlfile
# set_property library work $hdlfile
# set hdlfile [add_files [list {ipcore_dir/systemPLL.v}]]
# set_property file_type Verilog $hdlfile
# set_property library work $hdlfile
# set hdlfile [add_files [list {rtl/FPGB.v}]]
# set_property file_type Verilog $hdlfile
# set_property library work $hdlfile
# set_property top FPGB $srcset
# add_files [list {FPGB.ucf}] -fileset [get_property constrset [current_run]]
# open_rtl_design -part xc5vlx50tff1136-1
Using Verific elaboration
Parsing VHDL file "C:/Xilinx/14.7/ISE_DS/PlanAhead/data/parts/xilinx/rtl/lib/synplify/synattr.vhd" into library synplify
Analyzing Verilog file "C:/Users/craig robertson/Desktop/FPGB/FPGB/rtl/ROM.v" into library work
Analyzing Verilog file "C:/Users/craig robertson/Desktop/FPGB/FPGB/rtl/RAM.v" into library work
Analyzing Verilog file "C:/Users/craig robertson/Desktop/FPGB/FPGB/rtl/cpu_control.v" into library work
Parsing verilog file "C:/Users/craig robertson/Desktop/FPGB/FPGB/rtl/control_word.vh" included at line 12. [C:/Users/craig robertson/Desktop/FPGB/FPGB/rtl/cpu_control.v:12]
Analyzing Verilog file "C:/Users/craig robertson/Desktop/FPGB/FPGB/rtl/ALU.v" into library work
Parsing verilog file "C:/Users/craig robertson/Desktop/FPGB/FPGB/rtl/control_word.vh" included at line 13. [C:/Users/craig robertson/Desktop/FPGB/FPGB/rtl/ALU.v:13]
Analyzing Verilog file "C:/Users/craig robertson/Desktop/FPGB/FPGB/rtl/memory.v" into library work
Analyzing Verilog file "C:/Users/craig robertson/Desktop/FPGB/FPGB/rtl/cpu_top.v" into library work
Parsing verilog file "C:/Users/craig robertson/Desktop/FPGB/FPGB/rtl/control_word.vh" included at line 14. [C:/Users/craig robertson/Desktop/FPGB/FPGB/rtl/cpu_top.v:14]
Analyzing Verilog file "C:/Users/craig robertson/Desktop/FPGB/FPGB/rtl/chrontel_serial_bus_driver.v" into library work
Analyzing Verilog file "C:/Users/craig robertson/Desktop/FPGB/FPGB/rtl/chrontel_CH7301C_driver.v" into library work
Analyzing Verilog file "C:/Users/craig robertson/Desktop/FPGB/FPGB/ipcore_dir/systemPLL.v" into library work
Analyzing Verilog file "C:/Users/craig robertson/Desktop/FPGB/FPGB/rtl/FPGB.v" into library work
INFO: [Designutils 20-910] Reading macro library C:/Xilinx/14.7/ISE_DS/PlanAhead/data\./parts/xilinx/virtex5/virtex5lx/hd_int_macros.edn
Parsing EDIF File [C:/Xilinx/14.7/ISE_DS/PlanAhead/data\./parts/xilinx/virtex5/virtex5lx/hd_int_macros.edn]
Finished Parsing EDIF File [C:/Xilinx/14.7/ISE_DS/PlanAhead/data\./parts/xilinx/virtex5/virtex5lx/hd_int_macros.edn]
INFO: [Device 21-21] Reading bus macro file C:/Xilinx/14.7/ISE_DS/PlanAhead/data\./parts/xilinx/virtex5/pr_bus_macros.xml
Loading clock regions from C:/Xilinx/14.7/ISE_DS/PlanAhead/data\parts/xilinx/virtex5/virtex5lxt/xc5vlx50t/ClockRegion.xml
Loading clock buffers from C:/Xilinx/14.7/ISE_DS/PlanAhead/data\parts/xilinx/virtex5/virtex5lxt/xc5vlx50t/ClockBuffers.xml
Loading package from C:/Xilinx/14.7/ISE_DS/PlanAhead/data\parts/xilinx/virtex5/virtex5lxt/xc5vlx50t/ff1136/Package.xml
Loading io standards from C:/Xilinx/14.7/ISE_DS/PlanAhead/data\./parts/xilinx/virtex5/IOStandards.xml
INFO: [Device 21-19] Loading pkg sso from C:/Xilinx/14.7/ISE_DS/PlanAhead/data\parts/xilinx/virtex5/virtex5lxt/xc5vlx50t/ff1136/SSORules.xml
Loading list of drcs for the architecture : C:/Xilinx/14.7/ISE_DS/PlanAhead/data\./parts/xilinx/virtex5/drc.xml
Parsing UCF File [C:/Users/craig robertson/Desktop/FPGB/FPGB/FPGB.ucf]
Finished Parsing UCF File [C:/Users/craig robertson/Desktop/FPGB/FPGB/FPGB.ucf]
INFO: [Project 1-111] Unisim Transformation Summary:
No Unisim elements were transformed.

Phase 0 | Netlist Checksum: 34ca82c8
open_rtl_design: Time (s): elapsed = 00:00:12 . Memory (MB): peak = 724.238 ; gain = 282.664
update_compile_order -fileset sim_1
