Release 14.7 - xst P.20131013 (nt64)
Copyright (c) 1995-2013 Xilinx, Inc.  All rights reserved.
--> Parameter TMPDIR set to xst/projnav.tmp


Total REAL time to Xst completion: 0.00 secs
Total CPU time to Xst completion: 0.23 secs
 
--> Parameter xsthdpdir set to xst


Total REAL time to Xst completion: 0.00 secs
Total CPU time to Xst completion: 0.23 secs
 
--> Reading design: FPGB.prj

TABLE OF CONTENTS
  1) Synthesis Options Summary
  2) HDL Compilation
  3) Design Hierarchy Analysis
  4) HDL Analysis
  5) HDL Synthesis
     5.1) HDL Synthesis Report
  6) Advanced HDL Synthesis
     6.1) Advanced HDL Synthesis Report
  7) Low Level Synthesis
  8) Partition Report
  9) Final Report
	9.1) Device utilization summary
	9.2) Partition Resource Summary
	9.3) TIMING REPORT


=========================================================================
*                      Synthesis Options Summary                        *
=========================================================================
---- Source Parameters
Input File Name                    : "FPGB.prj"
Input Format                       : mixed
Ignore Synthesis Constraint File   : NO

---- Target Parameters
Output File Name                   : "FPGB"
Output Format                      : NGC
Target Device                      : xc5vlx50t-1-ff1136

---- Source Options
Top Module Name                    : FPGB
Automatic FSM Extraction           : YES
FSM Encoding Algorithm             : Auto
Safe Implementation                : No
FSM Style                          : LUT
RAM Extraction                     : Yes
RAM Style                          : Auto
ROM Extraction                     : Yes
Mux Style                          : Auto
Decoder Extraction                 : YES
Priority Encoder Extraction        : Yes
Shift Register Extraction          : YES
Logical Shifter Extraction         : YES
XOR Collapsing                     : YES
ROM Style                          : Auto
Mux Extraction                     : Yes
Resource Sharing                   : YES
Asynchronous To Synchronous        : NO
Use DSP Block                      : Auto
Automatic Register Balancing       : No

---- Target Options
LUT Combining                      : Off
Reduce Control Sets                : Off
Add IO Buffers                     : YES
Global Maximum Fanout              : 100000
Add Generic Clock Buffer(BUFG)     : 32
Register Duplication               : YES
Slice Packing                      : YES
Optimize Instantiated Primitives   : NO
Use Clock Enable                   : Auto
Use Synchronous Set                : Auto
Use Synchronous Reset              : Auto
Pack IO Registers into IOBs        : Auto
Equivalent register Removal        : YES

---- General Options
Optimization Goal                  : Speed
Optimization Effort                : 1
Power Reduction                    : NO
Keep Hierarchy                     : No
Netlist Hierarchy                  : As_Optimized
RTL Output                         : Yes
Global Optimization                : AllClockNets
Read Cores                         : YES
Write Timing Constraints           : NO
Cross Clock Analysis               : NO
Hierarchy Separator                : /
Bus Delimiter                      : <>
Case Specifier                     : Maintain
Slice Utilization Ratio            : 100
BRAM Utilization Ratio             : 100
DSP48 Utilization Ratio            : 100
Verilog 2001                       : YES
Auto BRAM Packing                  : NO
Slice Utilization Ratio Delta      : 5

=========================================================================


=========================================================================
*                          HDL Compilation                              *
=========================================================================
Compiling verilog file "rtl/ROM.v" in library work
Compiling verilog file "rtl/RAM.v" in library work
Module <ROM> compiled
Compiling verilog file "rtl/cpu_control.v" in library work
Module <RAM> compiled
Compiling verilog include file "rtl/control_word.vh"
ERROR:HDLCompilers:28 - "rtl/cpu_control.v" line 28 'CLEAR_INT' has not been declared
ERROR:HDLCompilers:28 - "rtl/cpu_control.v" line 109 'IME_RESET' has not been declared
ERROR:HDLCompilers:28 - "rtl/cpu_control.v" line 110 'CLEAR_INT' has not been declared
ERROR:HDLCompilers:28 - "rtl/cpu_control.v" line 111 'PC_WR_INT4' has not been declared
ERROR:HDLCompilers:28 - "rtl/cpu_control.v" line 111 'PC_WR_INT0' has not been declared
ERROR:HDLCompilers:28 - "rtl/cpu_control.v" line 209 'B_DEC' has not been declared
ERROR:HDLCompilers:28 - "rtl/cpu_control.v" line 1127 'A_WR_OR' has not been declared
ERROR:HDLCompilers:28 - "rtl/cpu_control.v" line 1481 'A_WR_SUB' has not been declared
ERROR:HDLCompilers:28 - "rtl/cpu_control.v" line 1654 'A_WR_AND' has not been declared
ERROR:HDLCompilers:28 - "rtl/cpu_control.v" line 1699 'IME_RESET' has not been declared
ERROR:HDLCompilers:28 - "rtl/cpu_control.v" line 1771 'IME_SET' has not been declared
Compiling verilog file "rtl/ALU.v" in library work
Module <cpu_control> compiled
Compiling verilog include file "rtl/control_word.vh"
ERROR:HDLCompilers:28 - "rtl/ALU.v" line 73 'A_WR_OR' has not been declared
ERROR:HDLCompilers:28 - "rtl/ALU.v" line 82 'A_WR_AND' has not been declared
ERROR:HDLCompilers:28 - "rtl/ALU.v" line 85 'A_WR_SUB' has not been declared
Compiling verilog file "rtl/memory.v" in library work
Module <ALU> compiled
Compiling verilog file "rtl/fpga_heartbeat.v" in library work
Module <memory> compiled
Compiling verilog file "rtl/cpu_top.v" in library work
Module <fpga_heartbeat> compiled
Compiling verilog include file "rtl/control_word.vh"
ERROR:HDLCompilers:28 - "rtl/cpu_top.v" line 213 'IME_SET' has not been declared
ERROR:HDLCompilers:28 - "rtl/cpu_top.v" line 216 'IME_RESET' has not been declared
ERROR:HDLCompilers:28 - "rtl/cpu_top.v" line 264 'B_DEC' has not been declared
ERROR:HDLCompilers:28 - "rtl/cpu_top.v" line 471 'PC_WR_INT0' has not been declared
ERROR:HDLCompilers:28 - "rtl/cpu_top.v" line 474 'PC_WR_INT1' has not been declared
ERROR:HDLCompilers:28 - "rtl/cpu_top.v" line 477 'PC_WR_INT2' has not been declared
ERROR:HDLCompilers:28 - "rtl/cpu_top.v" line 480 'PC_WR_INT3' has not been declared
ERROR:HDLCompilers:28 - "rtl/cpu_top.v" line 483 'PC_WR_INT4' has not been declared
Compiling verilog file "ipcore_dir/systemPLL.v" in library work
Module <cpu_top> compiled
Compiling verilog file "rtl/FPGB.v" in library work
Module <systemPLL> compiled
ERROR:HDLCompilers:27 - "rtl/FPGB.v" line 78 Illegal redeclaration of 'lcd_stat_int_req'
ERROR:HDLCompilers:27 - "rtl/FPGB.v" line 78 Illegal redeclaration of 'timer_int_req'
ERROR:HDLCompilers:27 - "rtl/FPGB.v" line 78 Illegal redeclaration of 'serial_int_req'
ERROR:HDLCompilers:27 - "rtl/FPGB.v" line 78 Illegal redeclaration of 'joypad_int_req'
Module <FPGB> compiled
Analysis of file <"FPGB.prj"> failed.
--> 

Total memory usage is 273476 kilobytes

Number of errors   :   26 (   0 filtered)
Number of warnings :    0 (   0 filtered)
Number of infos    :    0 (   0 filtered)

